2021-10-09T09:35:44.087-0500 INFO Starting SgomezApplication using Java 1.8.0_301 on NBMX13903 with PID 13336 (C:\Users\jsgomez\Downloads\sgomez\target\classes started by jsgomez in C:\Users\jsgomez\Downloads\sgomez)
2021-10-09T09:35:44.092-0500 DEBUG Running with Spring Boot v2.4.11, Spring v5.3.10
2021-10-09T09:35:44.092-0500 INFO No active profile set, falling back to default profiles: default
2021-10-09T09:35:44.896-0500 INFO Started SgomezApplication in 1.007 seconds (JVM running for 1.858)
2021-10-09T09:36:28.164-0500 DEBUG THIS IS DEBUG MESSAGE
2021-10-09T09:36:28.164-0500 ERROR THIS IS ERROR MESSAGE
2021-10-09T09:36:28.175-0500 WARN THIS IS WARN MESSAGE
2021-10-09T09:36:28.175-0500 INFO THIS IS INFO MESSAGE
2021-10-09T09:36:28.175-0500 INFO This is my student object content: 
2021-10-09T09:36:28.175-0500 INFO Student Object: Lupita Gomez - 55
2021-10-09T09:36:33.217-0500 DEBUG THIS IS DEBUG MESSAGE
2021-10-09T09:36:33.217-0500 ERROR THIS IS ERROR MESSAGE
2021-10-09T09:36:33.217-0500 WARN THIS IS WARN MESSAGE
2021-10-09T09:36:33.217-0500 INFO THIS IS INFO MESSAGE
2021-10-09T09:36:33.217-0500 INFO This is my student object content: 
2021-10-09T09:36:33.217-0500 INFO Student Object: Lupita Gomez - 55
2021-10-09T09:36:34.346-0500 DEBUG THIS IS DEBUG MESSAGE
2021-10-09T09:36:34.346-0500 ERROR THIS IS ERROR MESSAGE
2021-10-09T09:36:34.346-0500 WARN THIS IS WARN MESSAGE
2021-10-09T09:36:34.346-0500 INFO THIS IS INFO MESSAGE
2021-10-09T09:36:34.346-0500 INFO This is my student object content: 
2021-10-09T09:36:34.346-0500 INFO Student Object: Lupita Gomez - 55
2021-10-09T09:36:52.593-0500 DEBUG THIS IS DEBUG MESSAGE
2021-10-09T09:36:52.593-0500 ERROR THIS IS ERROR MESSAGE
2021-10-09T09:36:52.593-0500 WARN THIS IS WARN MESSAGE
2021-10-09T09:36:52.593-0500 INFO THIS IS INFO MESSAGE
2021-10-09T09:36:52.593-0500 INFO This is my student object content: 
2021-10-09T09:36:52.593-0500 INFO Student Object: Sergio Gomez - 55
